105.05.03 18:13 B C:\Mauro\Web\Plancton14\esparks\volare.jpg --> ftp.plancton.com /Documents/esparks volare.jpg
105.05.03 18:13 B C:\Mauro\Web\Plancton14\esparks\volare2.JPG --> ftp.plancton.com /Documents/esparks volare2.JPG
105.05.03 18:15 B C:\Mauro\Web\Plancton14\esparks\esparks_small_3.avi --> ftp.plancton.com /Documents/esparks esparks_small_3.avi
105.05.03 18:19 B C:\Mauro\Web\Plancton14\esparks\esparks.htm --> ftp.plancton.com /Documents/esparks esparks.htm
105.05.11 08:52 B C:\Mauro\Web\Plancton14\esparks\esparks.htm --> ftp.plancton.com /Documents/esparks esparks.htm
105.05.11 08:54 B C:\Mauro\Web\Plancton14\esparks\esparks_alfieroma_small.avi --> ftp.plancton.com /Documents/esparks esparks_alfieroma_small.avi
105.10.03 17:47 B C:\Mauro\Web\Plancton14\esparks\creat1.jpg --> ftp.plancton.com /Documents/esparks creat1.jpg
105.10.03 17:47 B C:\Mauro\Web\Plancton14\esparks\creat2.jpg --> ftp.plancton.com /Documents/esparks creat2.jpg
105.10.03 17:47 B C:\Mauro\Web\Plancton14\esparks\cypbar3.jpg --> ftp.plancton.com /Documents/esparks cypbar3.jpg
105.10.03 17:48 B C:\Mauro\Web\Plancton14\esparks\esparks.htm --> ftp.plancton.com /Documents/esparks esparks.htm
105.10.03 17:48 B C:\Mauro\Web\Plancton14\esparks\esparks_alfieroma_small.avi --> ftp.plancton.com /Documents/esparks esparks_alfieroma_small.avi
105.10.03 17:49 B C:\Mauro\Web\Plancton14\esparks\E-Sparks@Rome.avi --> ftp.plancton.com /Documents/esparks E-Sparks@Rome.avi
105.10.03 17:49 B C:\Mauro\Web\Plancton14\esparks\esparks.htm --> ftp.plancton.com /Documents/esparks esparks.htm
105.10.03 17:49 B C:\Mauro\Web\Plancton14\esparks\esparks_artist_statement.htm --> ftp.plancton.com /Documents/esparks esparks_artist_statement.htm
105.10.03 17:49 B C:\Mauro\Web\Plancton14\esparks\esparks_story.htm --> ftp.plancton.com /Documents/esparks esparks_story.htm
105.10.03 17:49 B C:\Mauro\Web\Plancton14\esparks\icreat1.jpg --> ftp.plancton.com /Documents/esparks icreat1.jpg
105.10.03 17:49 B C:\Mauro\Web\Plancton14\esparks\icreat2.jpg --> ftp.plancton.com /Documents/esparks icreat2.jpg
105.10.03 17:49 B C:\Mauro\Web\Plancton14\esparks\iinter2.jpg --> ftp.plancton.com /Documents/esparks iinter2.jpg
105.10.03 17:49 B C:\Mauro\Web\Plancton14\esparks\iinter3.jpg --> ftp.plancton.com /Documents/esparks iinter3.jpg
105.10.03 17:49 B C:\Mauro\Web\Plancton14\esparks\iinter4.jpg --> ftp.plancton.com /Documents/esparks iinter4.jpg
105.10.03 17:49 B C:\Mauro\Web\Plancton14\esparks\interaction2.jpg --> ftp.plancton.com /Documents/esparks interaction2.jpg
105.10.03 17:50 B C:\Mauro\Web\Plancton14\esparks\interaction3.jpg --> ftp.plancton.com /Documents/esparks interaction3.jpg
105.10.03 17:50 B C:\Mauro\Web\Plancton14\esparks\interaction4.jpg --> ftp.plancton.com /Documents/esparks interaction4.jpg
105.10.03 17:50 B C:\Mauro\Web\Plancton14\esparks\studie1.jpg --> ftp.plancton.com /Documents/esparks studie1.jpg
105.10.03 17:50 B C:\Mauro\Web\Plancton14\esparks\studies2.jpg --> ftp.plancton.com /Documents/esparks studies2.jpg
105.10.03 17:50 B C:\Mauro\Web\Plancton14\esparks\studies3.jpg --> ftp.plancton.com /Documents/esparks studies3.jpg
105.10.03 18:02 B C:\Mauro\Web\Plancton14\esparks\esparks_story.htm --> ftp.plancton.com /Documents/esparks esparks_story.htm
105.10.03 18:07 B C:\Mauro\Web\Plancton14\esparks\esparks_alfieroma_small.avi --> ftp.plancton.com /Documents/esparks esparks_alfieroma_small.avi
105.10.04 10:03 B C:\Mauro\Web\Plancton14\esparks\esparks.htm --> ftp.plancton.com /Documents/esparks esparks.htm
105.10.04 10:06 B C:\Mauro\Web\Plancton14\esparks\esparks_story.htm --> ftp.plancton.com /Documents/esparks esparks_story.htm
105.10.04 10:06 B C:\Mauro\Web\Plancton14\esparks\creature_model.jpg --> ftp.plancton.com /Documents/esparks creature_model.jpg
105.10.04 10:06 B C:\Mauro\Web\Plancton14\esparks\cypbar3.jpg --> ftp.plancton.com /Documents/esparks cypbar3.jpg
105.10.04 10:07 B C:\Mauro\Web\Plancton14\esparks\network.jpg --> ftp.plancton.com /Documents/esparks network.jpg
105.10.04 10:07 B C:\Mauro\Web\Plancton14\esparks\shadow.jpg --> ftp.plancton.com /Documents/esparks shadow.jpg
105.10.04 10:32 B C:\Mauro\Web\Plancton14\esparks\bcell3.jpg --> ftp.plancton.com /Documents bcell3.jpg
105.10.04 10:32 B C:\Mauro\Web\Plancton14\esparks\esparks_story.htm --> ftp.plancton.com /Documents esparks_story.htm
105.10.04 10:32 B C:\Mauro\Web\Plancton14\esparks\first_draft.jpg --> ftp.plancton.com /Documents first_draft.jpg
105.10.04 10:33 B C:\Mauro\Web\Plancton14\esparks\plancton2_cut.jpg --> ftp.plancton.com /Documents plancton2_cut.jpg
105.10.04 10:34 B C:\Mauro\Web\Plancton14\esparks\bcell3.jpg --> ftp.plancton.com /Documents/esparks bcell3.jpg
105.10.04 10:34 B C:\Mauro\Web\Plancton14\esparks\esparks_story.htm --> ftp.plancton.com /Documents/esparks esparks_story.htm
105.10.04 10:34 B C:\Mauro\Web\Plancton14\esparks\first_draft.jpg --> ftp.plancton.com /Documents/esparks first_draft.jpg
105.10.04 10:34 B C:\Mauro\Web\Plancton14\esparks\plancton2_cut.jpg --> ftp.plancton.com /Documents/esparks plancton2_cut.jpg
105.10.04 10:36 B C:\Mauro\Web\Plancton14\esparks\esparks_story.htm --> ftp.plancton.com /Documents/esparks esparks_story.htm
105.10.04 10:57 B C:\Mauro\Web\Plancton14\esparks\esparks_story.htm --> ftp.plancton.com /Documents/esparks esparks_story.htm
105.10.04 11:00 B C:\Mauro\Web\Plancton14\esparks\esparks_story.htm --> ftp.plancton.com /Documents/esparks esparks_story.htm
105.10.06 18:54 B C:\Mauro\Web\Plancton14\esparks\esparks_story.htm --> ftp.plancton.com /Documents/esparks esparks_story.htm
106.07.23 11:36 B F:\Mauro\Web\Plancton14\esparks\egitto1.jpg --> ftp.plancton.com /Documents/esparks egitto1.jpg
106.07.23 11:37 B F:\Mauro\Web\Plancton14\esparks\egitto2.jpg --> ftp.plancton.com /Documents/esparks egitto2.jpg
106.07.23 11:37 B F:\Mauro\Web\Plancton14\esparks\esparks.htm --> ftp.plancton.com /Documents/esparks esparks.htm
106.07.23 11:38 B F:\Mauro\Web\Plancton14\esparks\esparks_story.htm --> ftp.plancton.com /Documents/esparks esparks_story.htm
106.07.23 11:40 B F:\Mauro\Web\Plancton14\esparks\MART Program.pdf --> ftp.plancton.com /Documents/esparks MART Program.pdf
106.07.23 11:40 B F:\Mauro\Web\Plancton14\esparks\ombra1.jpg --> ftp.plancton.com /Documents/esparks ombra1.jpg
106.07.23 11:53 B F:\Mauro\Web\Plancton14\esparks\esparks_story.htm --> ftp.plancton.com /Documents/esparks esparks_story.htm
