104.10.17 17:41 B C:\Mauro\Web\plancton13\genart\inarch\11_spazi ed entità sensibili.pdf --> ftp.plancton.com /Documents/genart/inarch 11_spazi ed entità sensibili.pdf
104.10.17 18:08 B C:\Mauro\Web\plancton13\genart\inarch\BANNER_def.fla --> ftp.plancton.com /Documents/genart/inarch BANNER_def.fla
104.10.17 18:08 B C:\Mauro\Web\plancton13\genart\inarch\BANNER_def.swf --> ftp.plancton.com /Documents/genart/inarch BANNER_def.swf
104.10.17 18:08 B C:\Mauro\Web\plancton13\genart\inarch\inarch.htm --> ftp.plancton.com /Documents/genart/inarch inarch.htm
104.10.17 18:09 B C:\Mauro\Web\plancton13\genart\inarch\Scroll_prova.fla --> ftp.plancton.com /Documents/genart/inarch Scroll_prova.fla
104.10.17 18:09 B C:\Mauro\Web\plancton13\genart\inarch\Scroll_prova.swf --> ftp.plancton.com /Documents/genart/inarch Scroll_prova.swf
104.10.17 18:15 B C:\Mauro\Web\plancton13\genart\inarch\inarch.htm --> ftp.plancton.com /Documents/genart/inarch inarch.htm
104.10.17 18:18 B C:\Mauro\Web\plancton13\genart\inarch\inarch.htm --> ftp.plancton.com /Documents/genart/inarch inarch.htm
104.10.17 18:20 B C:\Mauro\Web\plancton13\genart\inarch\inarch.htm --> ftp.plancton.com /Documents/genart/inarch inarch.htm
104.10.17 18:21 B C:\Mauro\Web\plancton13\genart\inarch\inarch.htm --> ftp.plancton.com /Documents/genart/inarch inarch.htm
104.10.17 18:29 B C:\Mauro\Web\plancton13\genart\inarch\bossabossa.doc --> ftp.plancton.com /Documents/genart/inarch bossabossa.doc
104.10.17 22:03 B C:\Mauro\Web\plancton13\genart\inarch\Feedback_bossanovadigital.doc --> ftp.plancton.com /Documents/genart/inarch Feedback_bossanovadigital.doc
104.10.17 22:03 B C:\Mauro\Web\plancton13\genart\inarch\inarch.htm --> ftp.plancton.com /Documents/genart/inarch inarch.htm
104.10.17 22:03 B C:\Mauro\Web\plancton13\genart\inarch\Organismo_Vers2_Feedback.doc --> ftp.plancton.com /Documents/genart/inarch Organismo_Vers2_Feedback.doc
104.10.18 22:07 B C:\Mauro\Web\plancton13\genart\inarch\Ciclo_acqua.pdf --> ftp.plancton.com /Documents/genart/inarch Ciclo_acqua.pdf
104.10.18 22:07 B C:\Mauro\Web\plancton13\genart\inarch\inarch.htm --> ftp.plancton.com /Documents/genart/inarch inarch.htm
104.10.18 22:07 B C:\Mauro\Web\plancton13\genart\inarch\Ciclo_acqua_Feedback.doc --> ftp.plancton.com /Documents/genart/inarch Ciclo_acqua_Feedback.doc
106.05.14 18:48 B C:\Mauro\Web\Plancton14\genart\inarch06\1_Introduzione.pdf --> ftp.plancton.com /Documents/genart/inarch06 1_Introduzione.pdf
106.05.14 18:49 B C:\Mauro\Web\Plancton14\genart\inarch06\1_ortofoto_small.jpg --> ftp.plancton.com /Documents/genart/inarch06 1_ortofoto_small.jpg
106.05.14 18:57 B C:\Mauro\Web\Plancton14\genart\inarch06\2_Generative_Art.pdf --> ftp.plancton.com /Documents/genart/inarch06 2_Generative_Art.pdf
106.05.14 19:06 B C:\Mauro\Web\Plancton14\genart\inarch06\3_Arte_Interattiva.pdf --> ftp.plancton.com /Documents/genart/inarch06 3_Arte_Interattiva.pdf
106.05.14 19:10 B C:\Mauro\Web\Plancton14\genart\inarch06\4_Entita sensibili.pdf --> ftp.plancton.com /Documents/genart/inarch06 4_Entita sensibili.pdf
106.05.14 19:11 B C:\Mauro\Web\Plancton14\genart\inarch06\5_Sostenibilità_sensibilità.pdf --> ftp.plancton.com /Documents/genart/inarch06 5_Sostenibilità_sensibilità.pdf
106.05.14 19:11 B C:\Mauro\Web\Plancton14\genart\inarch06\BANNER_def.fla --> ftp.plancton.com /Documents/genart/inarch06 BANNER_def.fla
106.05.14 19:12 B C:\Mauro\Web\Plancton14\genart\inarch06\BANNER_def.swf --> ftp.plancton.com /Documents/genart/inarch06 BANNER_def.swf
106.05.14 19:13 B C:\Mauro\Web\Plancton14\genart\inarch06\base_small.jpg --> ftp.plancton.com /Documents/genart/inarch06 base_small.jpg
106.05.14 19:13 B C:\Mauro\Web\Plancton14\genart\inarch06\FLUIDITA.doc --> ftp.plancton.com /Documents/genart/inarch06 FLUIDITA.doc
106.05.14 19:13 B C:\Mauro\Web\Plancton14\genart\inarch06\fluidita.htm --> ftp.plancton.com /Documents/genart/inarch06 fluidita.htm
106.05.14 19:13 B C:\Mauro\Web\Plancton14\genart\inarch06\inarch.htm --> ftp.plancton.com /Documents/genart/inarch06 inarch.htm
106.05.14 19:13 B C:\Mauro\Web\Plancton14\genart\inarch06\Inarch_logo.gif --> ftp.plancton.com /Documents/genart/inarch06 Inarch_logo.gif
106.05.14 19:13 B C:\Mauro\Web\Plancton14\genart\inarch06\Inarch_logo2.gif --> ftp.plancton.com /Documents/genart/inarch06 Inarch_logo2.gif
106.05.14 19:13 B C:\Mauro\Web\Plancton14\genart\inarch06\laboratorio.htm --> ftp.plancton.com /Documents/genart/inarch06 laboratorio.htm
106.05.14 19:13 B C:\Mauro\Web\Plancton14\genart\inarch06\logo_plancton1.gif --> ftp.plancton.com /Documents/genart/inarch06 logo_plancton1.gif
106.05.14 19:14 B C:\Mauro\Web\Plancton14\genart\inarch06\Maxxi09.jpeg --> ftp.plancton.com /Documents/genart/inarch06 Maxxi09.jpeg
106.05.14 19:14 B C:\Mauro\Web\Plancton14\genart\inarch06\narcozen.jpg --> ftp.plancton.com /Documents/genart/inarch06 narcozen.jpg
106.05.14 19:15 B C:\Mauro\Web\Plancton14\genart\inarch06\paesaggi_sonori.jpg --> ftp.plancton.com /Documents/genart/inarch06 paesaggi_sonori.jpg
106.05.14 19:15 B C:\Mauro\Web\Plancton14\genart\inarch06\PAESAGGIO SONORO.doc --> ftp.plancton.com /Documents/genart/inarch06 PAESAGGIO SONORO.doc
106.05.14 19:19 B C:\Mauro\Web\Plancton14\genart\inarch06\PAESAGGIO SONORO.ppt --> ftp.plancton.com /Documents/genart/inarch06 PAESAGGIO SONORO.ppt
106.05.14 19:20 B C:\Mauro\Web\Plancton14\genart\inarch06\1_Introduzione.pdf --> ftp.plancton.com /Documents/genart/inarch06 1_Introduzione.pdf
106.05.14 19:21 B C:\Mauro\Web\Plancton14\genart\inarch06\1_ortofoto_small.jpg --> ftp.plancton.com /Documents/genart/inarch06 1_ortofoto_small.jpg
106.05.14 19:29 B C:\Mauro\Web\Plancton14\genart\inarch06\2_Generative_Art.pdf --> ftp.plancton.com /Documents/genart/inarch06 2_Generative_Art.pdf
106.05.14 19:37 B C:\Mauro\Web\Plancton14\genart\inarch06\3_Arte_Interattiva.pdf --> ftp.plancton.com /Documents/genart/inarch06 3_Arte_Interattiva.pdf
106.05.14 19:42 B C:\Mauro\Web\Plancton14\genart\inarch06\4_Entita sensibili.pdf --> ftp.plancton.com /Documents/genart/inarch06 4_Entita sensibili.pdf
106.05.14 19:42 B C:\Mauro\Web\Plancton14\genart\inarch06\5_Sostenibilità_sensibilità.pdf --> ftp.plancton.com /Documents/genart/inarch06 5_Sostenibilità_sensibilità.pdf
106.05.14 19:43 B C:\Mauro\Web\Plancton14\genart\inarch06\BANNER_def.fla --> ftp.plancton.com /Documents/genart/inarch06 BANNER_def.fla
106.05.14 19:43 B C:\Mauro\Web\Plancton14\genart\inarch06\BANNER_def.swf --> ftp.plancton.com /Documents/genart/inarch06 BANNER_def.swf
106.05.14 19:44 B C:\Mauro\Web\Plancton14\genart\inarch06\base_small.jpg --> ftp.plancton.com /Documents/genart/inarch06 base_small.jpg
106.05.14 19:44 B C:\Mauro\Web\Plancton14\genart\inarch06\FLUIDITA.doc --> ftp.plancton.com /Documents/genart/inarch06 FLUIDITA.doc
106.05.14 19:44 B C:\Mauro\Web\Plancton14\genart\inarch06\fluidita.htm --> ftp.plancton.com /Documents/genart/inarch06 fluidita.htm
106.05.14 19:44 B C:\Mauro\Web\Plancton14\genart\inarch06\inarch.htm --> ftp.plancton.com /Documents/genart/inarch06 inarch.htm
106.05.14 19:44 B C:\Mauro\Web\Plancton14\genart\inarch06\Inarch_logo.gif --> ftp.plancton.com /Documents/genart/inarch06 Inarch_logo.gif
106.05.14 19:44 B C:\Mauro\Web\Plancton14\genart\inarch06\Inarch_logo2.gif --> ftp.plancton.com /Documents/genart/inarch06 Inarch_logo2.gif
106.05.14 19:44 B C:\Mauro\Web\Plancton14\genart\inarch06\laboratorio.htm --> ftp.plancton.com /Documents/genart/inarch06 laboratorio.htm
106.05.14 19:45 B C:\Mauro\Web\Plancton14\genart\inarch06\logo_plancton1.gif --> ftp.plancton.com /Documents/genart/inarch06 logo_plancton1.gif
106.05.14 19:45 B C:\Mauro\Web\Plancton14\genart\inarch06\Maxxi09.jpeg --> ftp.plancton.com /Documents/genart/inarch06 Maxxi09.jpeg
106.05.14 19:46 B C:\Mauro\Web\Plancton14\genart\inarch06\narcozen.jpg --> ftp.plancton.com /Documents/genart/inarch06 narcozen.jpg
106.05.14 19:46 B C:\Mauro\Web\Plancton14\genart\inarch06\paesaggi_sonori.jpg --> ftp.plancton.com /Documents/genart/inarch06 paesaggi_sonori.jpg
106.05.14 19:46 B C:\Mauro\Web\Plancton14\genart\inarch06\PAESAGGIO SONORO.doc --> ftp.plancton.com /Documents/genart/inarch06 PAESAGGIO SONORO.doc
106.05.14 19:46 B C:\Mauro\Web\Plancton14\genart\inarch06\paesaggio_sonoro.htm --> ftp.plancton.com /Documents/genart/inarch06 paesaggio_sonoro.htm
106.05.14 19:50 B C:\Mauro\Web\Plancton14\genart\inarch06\scambio.jpg --> ftp.plancton.com /Documents/genart/inarch06 scambio.jpg
106.05.14 19:51 B C:\Mauro\Web\Plancton14\genart\inarch06\Scroll_prova.fla --> ftp.plancton.com /Documents/genart/inarch06 Scroll_prova.fla
106.05.14 19:52 B C:\Mauro\Web\Plancton14\genart\inarch06\Scroll_prova.swf --> ftp.plancton.com /Documents/genart/inarch06 Scroll_prova.swf
106.05.14 19:52 B C:\Mauro\Web\Plancton14\genart\inarch06\stazione_di_scambio.doc --> ftp.plancton.com /Documents/genart/inarch06 stazione_di_scambio.doc
106.05.14 19:52 B C:\Mauro\Web\Plancton14\genart\inarch06\stazione_di_scambio.htm --> ftp.plancton.com /Documents/genart/inarch06 stazione_di_scambio.htm
106.05.14 19:52 B C:\Mauro\Web\Plancton14\genart\inarch06\stazione_di_scambio.jpg --> ftp.plancton.com /Documents/genart/inarch06 stazione_di_scambio.jpg
106.05.14 19:52 B C:\Mauro\Web\Plancton14\genart\inarch06\Thumbs.db --> ftp.plancton.com /Documents/genart/inarch06 Thumbs.db
106.05.14 19:52 B C:\Mauro\Web\Plancton14\genart\inarch06\virus.doc --> ftp.plancton.com /Documents/genart/inarch06 virus.doc
106.05.14 19:52 B C:\Mauro\Web\Plancton14\genart\inarch06\virus.htm --> ftp.plancton.com /Documents/genart/inarch06 virus.htm
106.05.14 19:53 B C:\Mauro\Web\Plancton14\genart\inarch06\virus.jpg --> ftp.plancton.com /Documents/genart/inarch06 virus.jpg
106.05.14 19:53 B C:\Mauro\Web\Plancton14\genart\inarch06\WS_FTP.LOG --> ftp.plancton.com /Documents/genart/inarch06 WS_FTP.LOG
106.05.14 20:01 B C:\Mauro\Web\Plancton14\genart\inarch06\PAESAGGIO SONORO.pdf --> ftp.plancton.com /Documents/genart/inarch06 PAESAGGIO SONORO.pdf
106.05.14 20:01 B C:\Mauro\Web\Plancton14\genart\inarch06\paesaggio_sonoro.htm --> ftp.plancton.com /Documents/genart/inarch06 paesaggio_sonoro.htm
106.05.14 20:01 B C:\Mauro\Web\Plancton14\genart\inarch06\stazione_di_scambio.htm --> ftp.plancton.com /Documents/genart/inarch06 stazione_di_scambio.htm
106.05.14 20:08 B C:\Mauro\Web\Plancton14\genart\inarch06\stazione_di_scambio.pdf --> ftp.plancton.com /Documents/genart/inarch06 stazione_di_scambio.pdf
106.05.16 09:03 B C:\Mauro\Web\Plancton14\genart\inarch06\inarch.htm --> ftp.plancton.com /Documents/genart/inarch06 inarch.htm
106.05.16 11:10 B C:\Mauro\Web\Plancton14\genart\inarch06\5_Sostenibilita_sensibilita.pdf --> ftp.plancton.com /Documents/genart/inarch06 5_Sostenibilita_sensibilita.pdf
106.05.16 11:11 B C:\Mauro\Web\Plancton14\genart\inarch06\inarch.htm --> ftp.plancton.com /Documents/genart/inarch06 inarch.htm
106.06.20 14:33 B C:\Mauro\Web\Plancton14\genart\inarch06\inarch.htm --> ftp.plancton.com /Documents/genart/inarch06 inarch.htm
106.06.20 14:56 B C:\Mauro\Web\Plancton14\genart\inarch06\inarch.htm --> ftp.plancton.com /Documents/genart/inarch06 inarch.htm
106.06.21 12:11 B C:\Mauro\Web\Plancton14\genart\inarch06\inarch.htm --> ftp.plancton.com /Documents/genart/inarch06 inarch.htm
106.06.21 12:16 B C:\Mauro\Web\Plancton14\genart\inarch06\inarch.htm --> ftp.plancton.com /Documents/genart/inarch06 inarch.htm
106.06.21 12:26 B C:\Mauro\Web\Plancton14\genart\inarch06\inarch.htm --> ftp.plancton.com /Documents/genart/inarch06 inarch.htm
